<?xml version="1.0" encoding="UTF-8"?>
<!-- Generated by org.testng.reporters.JUnitXMLReporter -->
<testsuite ignored="15" hostname="sids-MacBook-Pro.local" failures="1" tests="1" name="Surefire test" time="83.747" errors="0" timestamp="2026-08-31T15:54:12 IST">
  <testcase classname="tests.ui.PRO.PortfolioTest" name="createPublicPortfolioWithAllFields" time="15.69">
    <failure type="java.lang.RuntimeException" message="[ResilientLocator] All 2 strategies failed for element &amp;apos;Product Portfolio logo&amp;apos;.
Attempted, in order:
  [FAILED] xpath=//img[contains(@alt,&amp;apos;Portfolio&amp;apos;) or contains(@src,&amp;apos;portfolio&amp;apos;)]
  [FAILED] css=img[alt*=&amp;apos;Portfolio&amp;apos;]">
      <![CDATA[java.lang.RuntimeException: [ResilientLocator] All 2 strategies failed for element 'Product Portfolio logo'.
Attempted, in order:
  [FAILED] xpath=//img[contains(@alt,'Portfolio') or contains(@src,'portfolio')]
  [FAILED] css=img[alt*='Portfolio']
at selfhealingHandler.ResilientLocator.failAll(ResilientLocator.java:239)
at selfhealingHandler.ResilientLocator.resolve(ResilientLocator.java:207)
at pages.PRO.ProductPortfolio.ProductPortfolioViewPage.portfolioLogo(ProductPortfolioViewPage.java:368)
at UI.PRO.ProductPortfolio.validations.PortfolioValidation.validatePortfolioLogo(PortfolioValidation.java:43)
at UI.PRO.ProductPortfolio.Flows.ProductPortfolioFlows.createPublicPortfolioWithAllFields(ProductPortfolioFlows.java:105)
at tests.ui.PRO.PortfolioTest.createPublicPortfolioWithAllFields(PortfolioTest.java:38)
at java.base/java.util.ArrayList.forEach(ArrayList.java:1612)
... Removed 30 stack frames]]>
    </failure>
  </testcase> <!-- createPublicPortfolioWithAllFields -->
  <testcase classname="tests.ui.PRO.PortfolioTest" name="createPrivatePortfolioWithMandatoryFields" time="0.0">
    <ignored/>
  </testcase> <!-- createPrivatePortfolioWithMandatoryFields -->
  <testcase classname="tests.ui.PRO.PortfolioTest" name="addMultipleYearFinancials" time="0.0">
    <ignored/>
  </testcase> <!-- addMultipleYearFinancials -->
  <testcase classname="tests.ui.PRO.PortfolioTest" name="validateAuditHistorySearchAndFilters" time="0.0">
    <ignored/>
  </testcase> <!-- validateAuditHistorySearchAndFilters -->
  <testcase classname="tests.ui.PRO.PortfolioTest" name="cancelPortfolioCreation" time="0.0">
    <ignored/>
  </testcase> <!-- cancelPortfolioCreation -->
  <testcase classname="tests.ui.PRO.PortfolioTest" name="createPortfolioWithMandatoryFields" time="0.0">
    <ignored/>
  </testcase> <!-- createPortfolioWithMandatoryFields -->
  <testcase classname="tests.ui.PRO.PortfolioTest" name="downloadAuditHistoryInPdfAndCsvFormats" time="0.0">
    <ignored/>
  </testcase> <!-- downloadAuditHistoryInPdfAndCsvFormats -->
  <testcase classname="tests.ui.PRO.PortfolioTest" name="editWorkflowTemplate" time="0.0">
    <ignored/>
  </testcase> <!-- editWorkflowTemplate -->
  <testcase classname="tests.ui.PRO.PortfolioTest" name="validateAllProductPortfolios" time="0.0">
    <ignored/>
  </testcase> <!-- validateAllProductPortfolios -->
  <testcase classname="tests.ui.PRO.PortfolioTest" name="validateMissingOwnerAndWorkflowFields" time="0.0">
    <ignored/>
  </testcase> <!-- validateMissingOwnerAndWorkflowFields -->
  <testcase classname="tests.ui.PRO.PortfolioTest" name="deletePortfolioWithoutProduct" time="0.0">
    <ignored/>
  </testcase> <!-- deletePortfolioWithoutProduct -->
  <testcase classname="tests.ui.PRO.PortfolioTest" name="validateGloballyConfiguredCustomFields" time="0.0">
    <ignored/>
  </testcase> <!-- validateGloballyConfiguredCustomFields -->
  <testcase classname="tests.ui.PRO.PortfolioTest" name="editExistingPortfolio" time="0.0">
    <ignored/>
  </testcase> <!-- editExistingPortfolio -->
  <testcase classname="tests.ui.PRO.PortfolioTest" name="validateMyProductPortfolios" time="0.0">
    <ignored/>
  </testcase> <!-- validateMyProductPortfolios -->
  <testcase classname="tests.ui.PRO.PortfolioTest" name="validateInvalidLogoFormat" time="0.0">
    <ignored/>
  </testcase> <!-- validateInvalidLogoFormat -->
  <testcase classname="tests.ui.PRO.PortfolioTest" name="validateMissingMandatoryFieldsDuringCreation" time="0.0">
    <ignored/>
  </testcase> <!-- validateMissingMandatoryFieldsDuringCreation -->
</testsuite> <!-- Surefire test -->
