<?xml version="1.0" encoding="UTF-8"?>
<!-- Generated by org.testng.reporters.JUnitXMLReporter -->
<testsuite ignored="17" hostname="sids-MacBook-Pro.local" failures="0" tests="1" name="Surefire test" time="167.326" errors="0" timestamp="2026-09-01T15:39:42 IST">
  <testcase classname="tests.ui.PRO.ProductTest" name="@BeforeMethod setUp" time="137.95">
    <failure type="com.microsoft.playwright.TimeoutError" message="Timeout 90000ms exceeded">
      <![CDATA[com.microsoft.playwright.TimeoutError: Timeout 90000ms exceeded
at com.microsoft.playwright.impl.WaitableTimeout.get(WaitableTimeout.java:41)
at com.microsoft.playwright.impl.WaitableRace.get(WaitableRace.java:46)
at com.microsoft.playwright.impl.ChannelOwner.runUntil(ChannelOwner.java:138)
at com.microsoft.playwright.impl.FrameImpl.waitForNavigationImpl(FrameImpl.java:970)
at com.microsoft.playwright.impl.FrameImpl.waitForURLImpl(FrameImpl.java:1031)
at com.microsoft.playwright.impl.PageImpl.lambda$waitForURL$19(PageImpl.java:1552)
at com.microsoft.playwright.impl.WaitForEventLogger.get(WaitForEventLogger.java:49)
at com.microsoft.playwright.impl.ChannelOwner.withWaitLogging(ChannelOwner.java:84)
at com.microsoft.playwright.impl.PageImpl.waitForURL(PageImpl.java:1551)
at com.microsoft.playwright.impl.PageImpl.waitForURL(PageImpl.java:1537)
at com.microsoft.playwright.Page.waitForURL(Page.java:8414)
at UI.PRO.ProductPortfolio.BuildingBlocks.ProductPortfolioBuildingBlock.navigateToProductPortfolioPage(ProductPortfolioBuildingBlock.java:64)
at UI.PRO.ProductPortfolio.Flows.ProductPortfolioFlows.createPortfolioWithMandatoryFields(ProductPortfolioFlows.java:31)
at tests.ui.PRO.ProductTest.setUp(ProductTest.java:26)
at java.base/java.util.ArrayList.forEach(ArrayList.java:1612)
... Removed 34 stack frames]]>
    </failure>
  </testcase> <!-- @BeforeMethod setUp -->
  <testcase classname="tests.base.BaseUITest" name="@AfterMethod tearDown" time="0.0">
    <skipped/>
  </testcase> <!-- @AfterMethod tearDown -->
  <testcase classname="tests.ui.PRO.ProductTest" name="createPublicProductWithAllFields" time="0.0">
    <skipped/>
  </testcase> <!-- createPublicProductWithAllFields -->
  <testcase classname="tests.ui.PRO.ProductTest" name="cancelProductCreation" time="0.0">
    <ignored/>
  </testcase> <!-- cancelProductCreation -->
  <testcase classname="tests.ui.PRO.ProductTest" name="downloadProductAuditHistoryAsCsv" time="0.0">
    <ignored/>
  </testcase> <!-- downloadProductAuditHistoryAsCsv -->
  <testcase classname="tests.ui.PRO.ProductTest" name="filterProductAuditHistoryByEvents" time="0.0">
    <ignored/>
  </testcase> <!-- filterProductAuditHistoryByEvents -->
  <testcase classname="tests.ui.PRO.ProductTest" name="downloadProductAuditHistoryAsPdf" time="0.0">
    <ignored/>
  </testcase> <!-- downloadProductAuditHistoryAsPdf -->
  <testcase classname="tests.ui.PRO.ProductTest" name="createOperationalizeProductWithAllFields" time="0.0">
    <ignored/>
  </testcase> <!-- createOperationalizeProductWithAllFields -->
  <testcase classname="tests.ui.PRO.ProductTest" name="validateAllProducts" time="0.0">
    <ignored/>
  </testcase> <!-- validateAllProducts -->
  <testcase classname="tests.ui.PRO.ProductTest" name="filterProductAuditHistoryByObjects" time="0.0">
    <ignored/>
  </testcase> <!-- filterProductAuditHistoryByObjects -->
  <testcase classname="tests.ui.PRO.ProductTest" name="createPrivateProductWithMandatoryFields" time="0.0">
    <ignored/>
  </testcase> <!-- createPrivateProductWithMandatoryFields -->
  <testcase classname="tests.ui.PRO.ProductTest" name="validateProductAuditHistory" time="0.0">
    <ignored/>
  </testcase> <!-- validateProductAuditHistory -->
  <testcase classname="tests.ui.PRO.ProductTest" name="createProductWithDevelopAndDeployPhases" time="0.0">
    <ignored/>
  </testcase> <!-- createProductWithDevelopAndDeployPhases -->
  <testcase classname="tests.ui.PRO.ProductTest" name="createProductWithDesignPhase" time="0.0">
    <ignored/>
  </testcase> <!-- createProductWithDesignPhase -->
  <testcase classname="tests.ui.PRO.ProductTest" name="createOperationalizeProductWithMandatoryFields" time="0.0">
    <ignored/>
  </testcase> <!-- createOperationalizeProductWithMandatoryFields -->
  <testcase classname="tests.ui.PRO.ProductTest" name="validateMyProducts" time="0.0">
    <ignored/>
  </testcase> <!-- validateMyProducts -->
  <testcase classname="tests.ui.PRO.ProductTest" name="createProductWithMandatoryFields" time="0.0">
    <ignored/>
  </testcase> <!-- createProductWithMandatoryFields -->
  <testcase classname="tests.ui.PRO.ProductTest" name="searchProductAuditLogs" time="0.0">
    <ignored/>
  </testcase> <!-- searchProductAuditLogs -->
  <testcase classname="tests.ui.PRO.ProductTest" name="validateGloballyConfiguredProductCustomFields" time="0.0">
    <ignored/>
  </testcase> <!-- validateGloballyConfiguredProductCustomFields -->
  <testcase classname="tests.ui.PRO.ProductTest" name="createProductWithDefineAndDesignPhases" time="0.0">
    <ignored/>
  </testcase> <!-- createProductWithDefineAndDesignPhases -->
</testsuite> <!-- Surefire test -->
