<?xml version="1.0" encoding="UTF-8"?>
<!-- Generated by org.testng.reporters.JUnitXMLReporter -->
<testsuite ignored="0" hostname="sids-MacBook-Pro.local" failures="1" tests="3" name="UI Automation" time="138.689" errors="0" timestamp="2026-08-31T12:15:21 IST">
  <testcase classname="tests.ui.PRO.ProE2ETestForDemo" name="@BeforeMethod setUp" time="23.601">
    <failure type="java.lang.RuntimeException" message="java.lang.RuntimeException: [ResilientLocator] All 1 strategies failed for element &amp;apos;Microsoft TestBox&amp;apos;.
Attempted, in order:
  [FAILED] xpath=//input[@type=&amp;apos;submit&amp;apos; and @value=&amp;apos;Sign in&amp;apos;]">
      <![CDATA[java.lang.RuntimeException: java.lang.RuntimeException: [ResilientLocator] All 1 strategies failed for element 'Microsoft TestBox'.
Attempted, in order:
  [FAILED] xpath=//input[@type='submit' and @value='Sign in']
at pages.LoginPage.login(LoginPage.java:185)
at UI.E2E.LoginBuildingBlock.login(LoginBuildingBlock.java:47)
at tests.ui.PRO.ProE2ETestForDemo.setUp(ProE2ETestForDemo.java:31)
at java.base/java.util.ArrayList.forEach(ArrayList.java:1612)
Caused by: java.lang.RuntimeException: [ResilientLocator] All 1 strategies failed for element 'Microsoft TestBox'.
Attempted, in order:
  [FAILED] xpath=//input[@type='submit' and @value='Sign in']
at selfhealingHandler.ResilientLocator.failAll(ResilientLocator.java:239)
at selfhealingHandler.ResilientLocator.resolve(ResilientLocator.java:207)
at pages.LoginPage.btnMSSSO_SignIn(LoginPage.java:144)
at pages.LoginPage.login(LoginPage.java:176)
... 36 more
... Removed 33 stack frames]]>
    </failure>
  </testcase> <!-- @BeforeMethod setUp -->
  <testcase classname="tests.base.BaseUITest" name="@AfterMethod tearDown" time="0.0">
    <skipped/>
  </testcase> <!-- @AfterMethod tearDown -->
  <testcase classname="tests.base.BaseUITest" name="@BeforeMethod setup" time="0.0">
    <skipped/>
  </testcase> <!-- @BeforeMethod setup -->
  <testcase classname="tests.ui.PRO.ProE2ETestForDemo" name="@BeforeMethod setUp" time="0.0">
    <skipped/>
  </testcase> <!-- @BeforeMethod setUp -->
  <testcase classname="tests.base.BaseUITest" name="@AfterMethod tearDown" time="0.0">
    <skipped/>
  </testcase> <!-- @AfterMethod tearDown -->
  <testcase classname="tests.ui.PRO.ProE2ETestForDemo" name="ProE2EWithMandatoryFieldsForDemo" time="4.182">
    <skipped/>
  </testcase> <!-- ProE2EWithMandatoryFieldsForDemo -->
  <testcase classname="tests.ui.PRO.ProE2ETestForDemo" name="ProE2EWithMandatoryFieldsForDemo" time="0.002">
    <skipped/>
  </testcase> <!-- ProE2EWithMandatoryFieldsForDemo -->
  <testcase classname="tests.ui.PRO.ProE2ETestForDemo" name="ProE2EWithMandatoryFieldsForDemo" time="0.002">
    <failure type="com.microsoft.playwright.PlaywrightException" message="Playwright connection closed">
      <![CDATA[com.microsoft.playwright.PlaywrightException: Playwright connection closed
at com.microsoft.playwright.impl.PipeTransport.send(PipeTransport.java:50)
at com.microsoft.playwright.impl.Connection.internalSendMessage(Connection.java:171)
at com.microsoft.playwright.impl.Connection.sendMessageAsync(Connection.java:135)
at com.microsoft.playwright.impl.Connection.sendMessage(Connection.java:131)
at com.microsoft.playwright.impl.ChannelOwner.sendMessage(ChannelOwner.java:124)
at com.microsoft.playwright.impl.FrameImpl.waitForTimeout(FrameImpl.java:997)
at com.microsoft.playwright.impl.PageImpl.waitForTimeout(PageImpl.java:1532)
at UI.PRO.ProductPortfolio.BuildingBlocks.ProductPortfolioBuildingBlock.navigateToProductPortfolioPage(ProductPortfolioBuildingBlock.java:44)
at UI.PRO.ProductPortfolio.Flows.ProductPortfolioFlows.createPortfolioWithMandatoryFields(ProductPortfolioFlows.java:31)
at tests.ui.PRO.ProE2ETestForDemo.ProE2EWithMandatoryFieldsForDemo(ProE2ETestForDemo.java:53)
at java.base/java.util.ArrayList.forEach(ArrayList.java:1612)
... Removed 29 stack frames]]>
    </failure>
  </testcase> <!-- ProE2EWithMandatoryFieldsForDemo -->
</testsuite> <!-- UI Automation -->
