<?xml version="1.0" encoding="UTF-8"?>
<testng-results ignored="15" total="16" passed="0" failed="1" skipped="0">
  <reporter-output>
  </reporter-output>
  <suite started-at="2026-08-31T15:52:48 IST" name="Surefire suite" finished-at="2026-08-31T15:54:12 IST" duration-ms="83747">
    <groups>
      <group name="PRO_Regression">
        <method signature="PortfolioTest.createPublicPortfolioWithAllFields()[pri:0, instance:tests.ui.PRO.PortfolioTest@2b97cc1f]" name="createPublicPortfolioWithAllFields" class="tests.ui.PRO.PortfolioTest"/>
      </group> <!-- PRO_Regression -->
    </groups>
    <test started-at="2026-08-31T15:52:48 IST" name="Surefire test" finished-at="2026-08-31T15:54:12 IST" duration-ms="83747">
      <class name="tests.ui.PRO.PortfolioTest">
        <test-method is-config="true" signature="setup()[pri:0, instance:tests.ui.PRO.PortfolioTest@2b97cc1f]" started-at="2026-08-31T15:52:48 IST" name="setup" finished-at="2026-08-31T15:53:17 IST" duration-ms="28767" status="PASS">
          <reporter-output>
          </reporter-output>
        </test-method> <!-- setup -->
        <test-method is-config="true" signature="setUp()[pri:0, instance:tests.ui.PRO.PortfolioTest@2b97cc1f]" started-at="2026-08-31T15:53:17 IST" name="setUp" finished-at="2026-08-31T15:53:56 IST" duration-ms="39040" status="PASS">
          <reporter-output>
          </reporter-output>
        </test-method> <!-- setUp -->
        <test-method signature="createPublicPortfolioWithAllFields()[pri:0, instance:tests.ui.PRO.PortfolioTest@2b97cc1f]" started-at="2026-08-31T15:53:56 IST" name="createPublicPortfolioWithAllFields" finished-at="2026-08-31T15:54:12 IST" duration-ms="15690" status="FAIL">
          <exception class="java.lang.RuntimeException">
            <message>
              <![CDATA[[ResilientLocator] All 2 strategies failed for element 'Product Portfolio logo'.
Attempted, in order:
  [FAILED] xpath=//img[contains(@alt,'Portfolio') or contains(@src,'portfolio')]
  [FAILED] css=img[alt*='Portfolio']]]>
            </message>
            <full-stacktrace>
              <![CDATA[java.lang.RuntimeException: [ResilientLocator] All 2 strategies failed for element 'Product Portfolio logo'.
Attempted, in order:
  [FAILED] xpath=//img[contains(@alt,'Portfolio') or contains(@src,'portfolio')]
  [FAILED] css=img[alt*='Portfolio']
at selfhealingHandler.ResilientLocator.failAll(ResilientLocator.java:239)
at selfhealingHandler.ResilientLocator.resolve(ResilientLocator.java:207)
at pages.PRO.ProductPortfolio.ProductPortfolioViewPage.portfolioLogo(ProductPortfolioViewPage.java:368)
at UI.PRO.ProductPortfolio.validations.PortfolioValidation.validatePortfolioLogo(PortfolioValidation.java:43)
at UI.PRO.ProductPortfolio.Flows.ProductPortfolioFlows.createPublicPortfolioWithAllFields(ProductPortfolioFlows.java:105)
at tests.ui.PRO.PortfolioTest.createPublicPortfolioWithAllFields(PortfolioTest.java:38)
at java.base/jdk.internal.reflect.DirectMethodHandleAccessor.invoke(DirectMethodHandleAccessor.java:104)
at java.base/java.lang.reflect.Method.invoke(Method.java:565)
at org.testng.internal.invokers.MethodInvocationHelper.invokeMethod(MethodInvocationHelper.java:141)
at org.testng.internal.invokers.TestInvoker.invokeMethod(TestInvoker.java:687)
at org.testng.internal.invokers.TestInvoker.invokeTestMethod(TestInvoker.java:230)
at org.testng.internal.invokers.MethodRunner.runInSequence(MethodRunner.java:63)
at org.testng.internal.invokers.TestInvoker$MethodInvocationAgent.invoke(TestInvoker.java:995)
at org.testng.internal.invokers.TestInvoker.invokeTestMethods(TestInvoker.java:203)
at org.testng.internal.invokers.TestMethodWorker.invokeTestMethods(TestMethodWorker.java:154)
at org.testng.internal.invokers.TestMethodWorker.run(TestMethodWorker.java:134)
at java.base/java.util.ArrayList.forEach(ArrayList.java:1612)
at org.testng.TestRunner.privateRun(TestRunner.java:741)
at org.testng.TestRunner.run(TestRunner.java:616)
at org.testng.SuiteRunner.runTest(SuiteRunner.java:421)
at org.testng.SuiteRunner.runSequentially(SuiteRunner.java:413)
at org.testng.SuiteRunner.privateRun(SuiteRunner.java:373)
at org.testng.SuiteRunner.run(SuiteRunner.java:312)
at org.testng.SuiteRunnerWorker.runSuite(SuiteRunnerWorker.java:52)
at org.testng.SuiteRunnerWorker.run(SuiteRunnerWorker.java:95)
at org.testng.TestNG.runSuitesSequentially(TestNG.java:1274)
at org.testng.TestNG.runSuitesLocally(TestNG.java:1208)
at org.testng.TestNG.runSuites(TestNG.java:1112)
at org.testng.TestNG.run(TestNG.java:1079)
at org.apache.maven.surefire.testng.TestNGExecutor.run(TestNGExecutor.java:155)
at org.apache.maven.surefire.testng.TestNGDirectoryTestSuite.executeSingleClass(TestNGDirectoryTestSuite.java:102)
at org.apache.maven.surefire.testng.TestNGDirectoryTestSuite.execute(TestNGDirectoryTestSuite.java:91)
at org.apache.maven.surefire.testng.TestNGProvider.invoke(TestNGProvider.java:137)
at org.apache.maven.surefire.booter.ForkedBooter.runSuitesInProcess(ForkedBooter.java:385)
at org.apache.maven.surefire.booter.ForkedBooter.execute(ForkedBooter.java:162)
at org.apache.maven.surefire.booter.ForkedBooter.run(ForkedBooter.java:507)
at org.apache.maven.surefire.booter.ForkedBooter.main(ForkedBooter.java:495)
]]>
            </full-stacktrace>
          </exception> <!-- java.lang.RuntimeException -->
          <reporter-output>
          </reporter-output>
        </test-method> <!-- createPublicPortfolioWithAllFields -->
        <test-method is-config="true" signature="tearDown()[pri:0, instance:tests.ui.PRO.PortfolioTest@2b97cc1f]" started-at="2026-08-31T15:54:12 IST" name="tearDown" finished-at="2026-08-31T15:54:12 IST" duration-ms="149" status="PASS">
          <reporter-output>
          </reporter-output>
        </test-method> <!-- tearDown -->
      </class> <!-- tests.ui.PRO.PortfolioTest -->
    </test> <!-- Surefire test -->
  </suite> <!-- Surefire suite -->
</testng-results>
