<?xml version="1.0" encoding="UTF-8"?>
<testsuite xmlns:xsi="http://www.w3.org/2001/XMLSchema-instance" xsi:noNamespaceSchemaLocation="https://maven.apache.org/surefire/maven-surefire-plugin/xsd/surefire-test-report.xsd" version="3.0.2" name="TestSuite" time="144.501" tests="8" errors="0" skipped="6" failures="2">
  <properties>
[...]
</properties>
  <testcase name="ProE2EWithMandatoryFieldsForDemo" classname="tests.ui.PRO.ProE2ETestForDemo" time="0.0">
    <skipped message="[ResilientLocator] All 1 strategies failed for element &apos;Name&apos;.&#10;Attempted, in order:&#10;  [FAILED] xpath=//div[@class=&apos;logo-wrapper jss18&apos;]"/>
    <system-out><![CDATA[2026-08-31 12:13:02.554+0530 INFO [main] LoggerUtil - [REPORT] Staging cleaned: allure-results
2026-08-31 12:13:02.587+0530 INFO [main] LoggerUtil - Thread ID = 3
2026-08-31 12:13:02.588+0530 INFO [main] LoggerUtil - Starting test setup
2026-08-31 12:13:02.588+0530 INFO [main] LoggerUtil - Launching browser
2026-08-31 12:13:05.274+0530 INFO [main] LoggerUtil - Loaded Environment = qa
2026-08-31 12:13:05.275+0530 INFO [main] LoggerUtil - Configured Browser = chromium
2026-08-31 12:13:06.316+0530 INFO [main] LoggerUtil - Browser launched successfully
2026-08-31 12:13:26.187+0530 INFO [main] LoggerUtil - ========== Login Started ==========
2026-08-31 12:13:26.189+0530 INFO [main] LoggerUtil - [LOGIN DEBUG] Username=api.automation@calibo.com Tenant=Automation
2026-08-31 12:13:26.190+0530 INFO [main] LoggerUtil - [LOGIN] Step 1: Filling username...
2026-08-31 12:13:27.509+0530 INFO [main] LoggerUtil - [HEAL-OK] 'Username' resolved via PRIMARY xpath=//input[@name='email']
2026-08-31 12:13:27.527+0530 INFO [main] LoggerUtil - [LOGIN] Step 2: Clicking Proceed...
2026-08-31 12:13:27.536+0530 INFO [main] LoggerUtil - [HEAL-OK] 'Proceed Button' resolved via PRIMARY css=button[data-test='proceed-button']
2026-08-31 12:13:32.623+0530 INFO [main] LoggerUtil - [LOGIN] Step 3: Selecting business group...
2026-08-31 12:13:32.625+0530 INFO [main] LoggerUtil - [LOGIN] selectBusinessGroup: selecting tenant='Automation'
2026-08-31 12:13:32.631+0530 INFO [main] LoggerUtil - [LOGIN] selectBusinessGroup: attempt 1 to open dropdown
2026-08-31 12:13:32.634+0530 INFO [main] LoggerUtil - [HEAL-OK] 'Select Tenant' resolved via PRIMARY xpath=//div[text()='Select Tenant']
2026-08-31 12:13:33.716+0530 INFO [main] LoggerUtil - Automation Tenant Selected (exact match)
2026-08-31 12:13:33.716+0530 INFO [main] LoggerUtil - [LOGIN] Step 4: Clicking Proceed after tenant selection...
2026-08-31 12:13:33.721+0530 INFO [main] LoggerUtil - [HEAL-OK] 'Proceed Button' resolved via PRIMARY css=button[data-test='proceed-button']
2026-08-31 12:13:38.771+0530 INFO [main] LoggerUtil - [LOGIN] Step 5: Verifying Microsoft logo...
2026-08-31 12:13:43.773+0530 INFO [main] LoggerUtil - [LOGIN] Step 6: Filling MS SSO email...
2026-08-31 12:13:43.803+0530 INFO [main] LoggerUtil - [HEAL-OK] 'Microsoft TestBox' resolved via PRIMARY xpath=//input[@type='email']
2026-08-31 12:13:43.815+0530 INFO [main] LoggerUtil - [LOGIN] Step 7: Clicking MS Next...
2026-08-31 12:13:43.821+0530 INFO [main] LoggerUtil - [HEAL-OK] 'Microsoft TestBox' resolved via PRIMARY xpath=//input[@type='submit' and @value='Next']
2026-08-31 12:13:48.844+0530 INFO [main] LoggerUtil - [LOGIN] Step 8: Filling password...
2026-08-31 12:13:48.854+0530 INFO [main] LoggerUtil - [HEAL-OK] 'Proceed Button' resolved via PRIMARY xpath=//input[@type='password']
2026-08-31 12:13:48.863+0530 INFO [main] LoggerUtil - [LOGIN] Step 9: Clicking MS Sign In...
2026-08-31 12:13:48.868+0530 INFO [main] LoggerUtil - [HEAL-OK] 'Microsoft TestBox' resolved via PRIMARY xpath=//input[@type='submit' and @value='Sign in']
2026-08-31 12:13:54.992+0530 INFO [main] LoggerUtil - [LOGIN] Step 10: Clicking Yes...
2026-08-31 12:13:55.014+0530 INFO [main] LoggerUtil - [HEAL-OK] 'Microsoft TestBox' resolved via PRIMARY xpath=//input[@type='submit' and @value='Yes']
2026-08-31 12:14:01.594+0530 INFO [main] LoggerUtil - [LOGIN] ✓ Login completed successfully
2026-08-31 12:14:06.519+0530 INFO [main] LoggerUtil - ========== Login Completed ==========
2026-08-31 12:14:06.584+0530 INFO [main] LoggerUtil - =================================================
2026-08-31 12:14:06.585+0530 INFO [main] LoggerUtil -               PRO E2E VALIDATION
2026-08-31 12:14:06.585+0530 INFO [main] LoggerUtil - =================================================
2026-08-31 12:14:08.726+0530 INFO [main] LoggerUtil - ========== Navigating to Product Portfolio Page ==========
2026-08-31 12:14:10.736+0530 DEBUG [main] LoggerUtil - [HEAL-TRY] 'Name' strategy #0 did not attach: xpath=//div[@class='logo-wrapper jss18']
2026-08-31 12:14:10.739+0530 ERROR [main] LoggerUtil - [ResilientLocator] All 1 strategies failed for element 'Name'.
Attempted, in order:
  [FAILED] xpath=//div[@class='logo-wrapper jss18']
[RETRY] Retrying test: ProE2EWithMandatoryFieldsForDemo Attempt 1
]]></system-out>
    <system-err><![CDATA[SLF4J(W): No SLF4J providers were found.
SLF4J(W): Defaulting to no-operation (NOP) logger implementation
SLF4J(W): See https://www.slf4j.org/codes.html#noProviders for further details.
2026-08-31T06:43:02.474536Z main WARN The use of package scanning to locate Log4j plugins is deprecated.
Please remove the `packages` attribute from your configuration file.
See https://logging.apache.org/log4j/2.x/faq.html#package-scanning for details.
]]></system-err>
  </testcase>
  <testcase name="ProE2EWithMandatoryFieldsForDemo" classname="tests.ui.PRO.ProE2ETestForDemo" time="0.0">
    <skipped message="Playwright connection closed"/>
    <system-out><![CDATA[2026-08-31 12:15:20.987+0530 INFO [main] LoggerUtil - =================================================
2026-08-31 12:15:20.987+0530 INFO [main] LoggerUtil -               PRO E2E VALIDATION
2026-08-31 12:15:20.987+0530 INFO [main] LoggerUtil - =================================================
[RETRY] Retrying test: ProE2EWithMandatoryFieldsForDemo Attempt 2
]]></system-out>
  </testcase>
  <testcase name="ProE2EWithMandatoryFieldsForDemo" classname="tests.ui.PRO.ProE2ETestForDemo" time="0.249">
    <failure message="Playwright connection closed" type="com.microsoft.playwright.PlaywrightException"><![CDATA[com.microsoft.playwright.PlaywrightException: Playwright connection closed
	at com.microsoft.playwright.impl.PipeTransport.send(PipeTransport.java:50)
	at com.microsoft.playwright.impl.Connection.internalSendMessage(Connection.java:171)
	at com.microsoft.playwright.impl.Connection.sendMessageAsync(Connection.java:135)
	at com.microsoft.playwright.impl.Connection.sendMessage(Connection.java:131)
	at com.microsoft.playwright.impl.ChannelOwner.sendMessage(ChannelOwner.java:124)
	at com.microsoft.playwright.impl.FrameImpl.waitForTimeout(FrameImpl.java:997)
	at com.microsoft.playwright.impl.PageImpl.waitForTimeout(PageImpl.java:1532)
	at UI.PRO.ProductPortfolio.BuildingBlocks.ProductPortfolioBuildingBlock.navigateToProductPortfolioPage(ProductPortfolioBuildingBlock.java:44)
	at UI.PRO.ProductPortfolio.Flows.ProductPortfolioFlows.createPortfolioWithMandatoryFields(ProductPortfolioFlows.java:31)
	at tests.ui.PRO.ProE2ETestForDemo.ProE2EWithMandatoryFieldsForDemo(ProE2ETestForDemo.java:53)
	at java.base/jdk.internal.reflect.DirectMethodHandleAccessor.invoke(DirectMethodHandleAccessor.java:104)
	at java.base/java.lang.reflect.Method.invoke(Method.java:565)
	at org.testng.internal.invokers.MethodInvocationHelper.invokeMethod(MethodInvocationHelper.java:141)
	at org.testng.internal.invokers.TestInvoker.invokeMethod(TestInvoker.java:687)
	at org.testng.internal.invokers.TestInvoker.retryFailed(TestInvoker.java:269)
	at org.testng.internal.invokers.MethodRunner.runInSequence(MethodRunner.java:76)
	at org.testng.internal.invokers.TestInvoker$MethodInvocationAgent.invoke(TestInvoker.java:995)
	at org.testng.internal.invokers.TestInvoker.invokeTestMethods(TestInvoker.java:203)
	at org.testng.internal.invokers.TestMethodWorker.invokeTestMethods(TestMethodWorker.java:154)
	at org.testng.internal.invokers.TestMethodWorker.run(TestMethodWorker.java:134)
	at java.base/java.util.ArrayList.forEach(ArrayList.java:1612)
	at org.testng.TestRunner.privateRun(TestRunner.java:741)
	at org.testng.TestRunner.run(TestRunner.java:616)
	at org.testng.SuiteRunner.runTest(SuiteRunner.java:421)
	at org.testng.SuiteRunner.runSequentially(SuiteRunner.java:413)
	at org.testng.SuiteRunner.privateRun(SuiteRunner.java:373)
	at org.testng.SuiteRunner.run(SuiteRunner.java:312)
	at org.testng.SuiteRunnerWorker.runSuite(SuiteRunnerWorker.java:52)
	at org.testng.SuiteRunnerWorker.run(SuiteRunnerWorker.java:95)
	at org.testng.TestNG.runSuitesSequentially(TestNG.java:1274)
	at org.testng.TestNG.runSuitesLocally(TestNG.java:1208)
	at org.testng.TestNG.runSuites(TestNG.java:1112)
	at org.testng.TestNG.run(TestNG.java:1079)
	at org.apache.maven.surefire.testng.TestNGExecutor.run(TestNGExecutor.java:308)
	at org.apache.maven.surefire.testng.TestNGXmlTestSuite.execute(TestNGXmlTestSuite.java:71)
	at org.apache.maven.surefire.testng.TestNGProvider.invoke(TestNGProvider.java:113)
	at org.apache.maven.surefire.booter.ForkedBooter.runSuitesInProcess(ForkedBooter.java:385)
	at org.apache.maven.surefire.booter.ForkedBooter.execute(ForkedBooter.java:162)
	at org.apache.maven.surefire.booter.ForkedBooter.run(ForkedBooter.java:507)
	at org.apache.maven.surefire.booter.ForkedBooter.main(ForkedBooter.java:495)
]]></failure>
    <system-out><![CDATA[2026-08-31 12:15:20.993+0530 INFO [main] LoggerUtil - =================================================
2026-08-31 12:15:20.993+0530 INFO [main] LoggerUtil -               PRO E2E VALIDATION
2026-08-31 12:15:20.993+0530 INFO [main] LoggerUtil - =================================================
[FAILURE ANALYTICS] ProE2EWithMandatoryFieldsForDemo -> UNKNOWN
[ALLURE] onTestFailure triggered
2026-08-31 12:15:20.995+0530 INFO [main] LoggerUtil - [ALLURE] Capturing screenshot for failed test: ProE2EWithMandatoryFieldsForDemo
[ALLURE] Screenshot size = 659391
2026-08-31 12:15:21.240+0530 INFO [main] LoggerUtil - [ALLURE] Screenshot attached successfully
######## LISTENER EXECUTED ########
]]></system-out>
  </testcase>
  <testcase name="setUp" classname="tests.ui.PRO.ProE2ETestForDemo" time="74.419">
    <failure message="java.lang.RuntimeException: [ResilientLocator] All 1 strategies failed for element &apos;Microsoft TestBox&apos;.&#10;Attempted, in order:&#10;  [FAILED] xpath=//input[@type=&apos;submit&apos; and @value=&apos;Sign in&apos;]" type="java.lang.RuntimeException"><![CDATA[java.lang.RuntimeException: 
java.lang.RuntimeException: [ResilientLocator] All 1 strategies failed for element 'Microsoft TestBox'.
Attempted, in order:
  [FAILED] xpath=//input[@type='submit' and @value='Sign in']
	at pages.LoginPage.login(LoginPage.java:185)
	at UI.E2E.LoginBuildingBlock.login(LoginBuildingBlock.java:47)
	at tests.ui.PRO.ProE2ETestForDemo.setUp(ProE2ETestForDemo.java:31)
	at java.base/jdk.internal.reflect.DirectMethodHandleAccessor.invoke(DirectMethodHandleAccessor.java:104)
	at java.base/java.lang.reflect.Method.invoke(Method.java:565)
	at org.testng.internal.invokers.MethodInvocationHelper.invokeMethod(MethodInvocationHelper.java:141)
	at org.testng.internal.invokers.MethodInvocationHelper.invokeMethodConsideringTimeout(MethodInvocationHelper.java:71)
	at org.testng.internal.invokers.ConfigInvoker.invokeConfigurationMethod(ConfigInvoker.java:400)
	at org.testng.internal.invokers.ConfigInvoker.invokeConfigurations(ConfigInvoker.java:333)
	at org.testng.internal.invokers.TestInvoker.runConfigMethods(TestInvoker.java:836)
	at org.testng.internal.invokers.TestInvoker.invokeMethod(TestInvoker.java:601)
	at org.testng.internal.invokers.TestInvoker.retryFailed(TestInvoker.java:269)
	at org.testng.internal.invokers.MethodRunner.runInSequence(MethodRunner.java:76)
	at org.testng.internal.invokers.TestInvoker$MethodInvocationAgent.invoke(TestInvoker.java:995)
	at org.testng.internal.invokers.TestInvoker.invokeTestMethods(TestInvoker.java:203)
	at org.testng.internal.invokers.TestMethodWorker.invokeTestMethods(TestMethodWorker.java:154)
	at org.testng.internal.invokers.TestMethodWorker.run(TestMethodWorker.java:134)
	at java.base/java.util.ArrayList.forEach(ArrayList.java:1612)
	at org.testng.TestRunner.privateRun(TestRunner.java:741)
	at org.testng.TestRunner.run(TestRunner.java:616)
	at org.testng.SuiteRunner.runTest(SuiteRunner.java:421)
	at org.testng.SuiteRunner.runSequentially(SuiteRunner.java:413)
	at org.testng.SuiteRunner.privateRun(SuiteRunner.java:373)
	at org.testng.SuiteRunner.run(SuiteRunner.java:312)
	at org.testng.SuiteRunnerWorker.runSuite(SuiteRunnerWorker.java:52)
	at org.testng.SuiteRunnerWorker.run(SuiteRunnerWorker.java:95)
	at org.testng.TestNG.runSuitesSequentially(TestNG.java:1274)
	at org.testng.TestNG.runSuitesLocally(TestNG.java:1208)
	at org.testng.TestNG.runSuites(TestNG.java:1112)
	at org.testng.TestNG.run(TestNG.java:1079)
	at org.apache.maven.surefire.testng.TestNGExecutor.run(TestNGExecutor.java:308)
	at org.apache.maven.surefire.testng.TestNGXmlTestSuite.execute(TestNGXmlTestSuite.java:71)
	at org.apache.maven.surefire.testng.TestNGProvider.invoke(TestNGProvider.java:113)
	at org.apache.maven.surefire.booter.ForkedBooter.runSuitesInProcess(ForkedBooter.java:385)
	at org.apache.maven.surefire.booter.ForkedBooter.execute(ForkedBooter.java:162)
	at org.apache.maven.surefire.booter.ForkedBooter.run(ForkedBooter.java:507)
	at org.apache.maven.surefire.booter.ForkedBooter.main(ForkedBooter.java:495)
Caused by: java.lang.RuntimeException: [ResilientLocator] All 1 strategies failed for element 'Microsoft TestBox'.
Attempted, in order:
  [FAILED] xpath=//input[@type='submit' and @value='Sign in']
	at selfhealingHandler.ResilientLocator.failAll(ResilientLocator.java:239)
	at selfhealingHandler.ResilientLocator.resolve(ResilientLocator.java:207)
	at pages.LoginPage.btnMSSSO_SignIn(LoginPage.java:144)
	at pages.LoginPage.login(LoginPage.java:176)
	... 36 more
]]></failure>
    <system-out><![CDATA[2026-08-31 12:14:10.760+0530 INFO [main] LoggerUtil - Starting test teardown
2026-08-31 12:14:10.761+0530 INFO [main] LoggerUtil - DEBUG: keepBrowserOpen property value = 'null'
2026-08-31 12:14:10.761+0530 INFO [main] LoggerUtil - Closing browser
2026-08-31 12:14:10.897+0530 INFO [main] LoggerUtil - Browser closed successfully
2026-08-31 12:14:10.899+0530 INFO [main] LoggerUtil - Thread ID = 3
2026-08-31 12:14:10.899+0530 INFO [main] LoggerUtil - Starting test setup
2026-08-31 12:14:10.899+0530 INFO [main] LoggerUtil - Launching browser
2026-08-31 12:14:11.675+0530 INFO [main] LoggerUtil - Browser launched successfully
2026-08-31 12:14:57.377+0530 INFO [main] LoggerUtil - ========== Login Started ==========
2026-08-31 12:14:57.377+0530 INFO [main] LoggerUtil - [LOGIN DEBUG] Username=api.automation@calibo.com Tenant=Automation
2026-08-31 12:14:57.377+0530 INFO [main] LoggerUtil - [LOGIN] Step 1: Filling username...
2026-08-31 12:14:57.679+0530 INFO [main] LoggerUtil - [HEAL-OK] 'Username' resolved via PRIMARY xpath=//input[@name='email']
2026-08-31 12:14:57.686+0530 INFO [main] LoggerUtil - [LOGIN] Step 2: Clicking Proceed...
2026-08-31 12:14:57.690+0530 INFO [main] LoggerUtil - [HEAL-OK] 'Proceed Button' resolved via PRIMARY css=button[data-test='proceed-button']
2026-08-31 12:15:02.751+0530 INFO [main] LoggerUtil - [LOGIN] Step 3: Selecting business group...
2026-08-31 12:15:02.755+0530 INFO [main] LoggerUtil - [LOGIN] selectBusinessGroup: selecting tenant='Automation'
2026-08-31 12:15:02.760+0530 INFO [main] LoggerUtil - [LOGIN] selectBusinessGroup: attempt 1 to open dropdown
2026-08-31 12:15:02.763+0530 INFO [main] LoggerUtil - [HEAL-OK] 'Select Tenant' resolved via PRIMARY xpath=//div[text()='Select Tenant']
2026-08-31 12:15:03.826+0530 INFO [main] LoggerUtil - Automation Tenant Selected (exact match)
2026-08-31 12:15:03.827+0530 INFO [main] LoggerUtil - [LOGIN] Step 4: Clicking Proceed after tenant selection...
2026-08-31 12:15:03.831+0530 INFO [main] LoggerUtil - [HEAL-OK] 'Proceed Button' resolved via PRIMARY css=button[data-test='proceed-button']
2026-08-31 12:15:08.860+0530 INFO [main] LoggerUtil - [LOGIN] Step 5: Verifying Microsoft logo...
2026-08-31 12:15:13.864+0530 INFO [main] LoggerUtil - [LOGIN] Step 6: Filling MS SSO email...
2026-08-31 12:15:13.886+0530 INFO [main] LoggerUtil - [HEAL-OK] 'Microsoft TestBox' resolved via PRIMARY xpath=//input[@type='email']
2026-08-31 12:15:13.892+0530 INFO [main] LoggerUtil - [LOGIN] Step 7: Clicking MS Next...
2026-08-31 12:15:13.897+0530 INFO [main] LoggerUtil - [HEAL-OK] 'Microsoft TestBox' resolved via PRIMARY xpath=//input[@type='submit' and @value='Next']
2026-08-31 12:15:18.959+0530 INFO [main] LoggerUtil - [LOGIN] Step 8: Filling password...
2026-08-31 12:15:18.967+0530 INFO [main] LoggerUtil - [HEAL-OK] 'Proceed Button' resolved via PRIMARY xpath=//input[@type='password']
2026-08-31 12:15:18.974+0530 INFO [main] LoggerUtil - [LOGIN] Step 9: Clicking MS Sign In...
2026-08-31 12:15:20.975+0530 DEBUG [main] LoggerUtil - [HEAL-TRY] 'Microsoft TestBox' strategy #0 did not attach: xpath=//input[@type='submit' and @value='Sign in']
2026-08-31 12:15:20.975+0530 ERROR [main] LoggerUtil - [ResilientLocator] All 1 strategies failed for element 'Microsoft TestBox'.
Attempted, in order:
  [FAILED] xpath=//input[@type='submit' and @value='Sign in']
2026-08-31 12:15:20.976+0530 ERROR [main] LoggerUtil - [LOGIN] ✗ Login failed at some step: [ResilientLocator] All 1 strategies failed for element 'Microsoft TestBox'.
Attempted, in order:
  [FAILED] xpath=//input[@type='submit' and @value='Sign in']
java.lang.RuntimeException: [ResilientLocator] All 1 strategies failed for element 'Microsoft TestBox'.
Attempted, in order:
  [FAILED] xpath=//input[@type='submit' and @value='Sign in']
	at selfhealingHandler.ResilientLocator.failAll(ResilientLocator.java:239)
	at selfhealingHandler.ResilientLocator.resolve(ResilientLocator.java:207)
	at pages.LoginPage.btnMSSSO_SignIn(LoginPage.java:144)
	at pages.LoginPage.login(LoginPage.java:176)
	at UI.E2E.LoginBuildingBlock.login(LoginBuildingBlock.java:47)
	at tests.ui.PRO.ProE2ETestForDemo.setUp(ProE2ETestForDemo.java:31)
	at java.base/jdk.internal.reflect.DirectMethodHandleAccessor.invoke(DirectMethodHandleAccessor.java:104)
	at java.base/java.lang.reflect.Method.invoke(Method.java:565)
	at org.testng.internal.invokers.MethodInvocationHelper.invokeMethod(MethodInvocationHelper.java:141)
	at org.testng.internal.invokers.MethodInvocationHelper.invokeMethodConsideringTimeout(MethodInvocationHelper.java:71)
	at org.testng.internal.invokers.ConfigInvoker.invokeConfigurationMethod(ConfigInvoker.java:400)
	at org.testng.internal.invokers.ConfigInvoker.invokeConfigurations(ConfigInvoker.java:333)
	at org.testng.internal.invokers.TestInvoker.runConfigMethods(TestInvoker.java:836)
	at org.testng.internal.invokers.TestInvoker.invokeMethod(TestInvoker.java:601)
	at org.testng.internal.invokers.TestInvoker.retryFailed(TestInvoker.java:269)
	at org.testng.internal.invokers.MethodRunner.runInSequence(MethodRunner.java:76)
	at org.testng.internal.invokers.TestInvoker$MethodInvocationAgent.invoke(TestInvoker.java:995)
	at org.testng.internal.invokers.TestInvoker.invokeTestMethods(TestInvoker.java:203)
	at org.testng.internal.invokers.TestMethodWorker.invokeTestMethods(TestMethodWorker.java:154)
	at org.testng.internal.invokers.TestMethodWorker.run(TestMethodWorker.java:134)
	at java.base/java.util.ArrayList.forEach(ArrayList.java:1612)
	at org.testng.TestRunner.privateRun(TestRunner.java:741)
	at org.testng.TestRunner.run(TestRunner.java:616)
	at org.testng.SuiteRunner.runTest(SuiteRunner.java:421)
	at org.testng.SuiteRunner.runSequentially(SuiteRunner.java:413)
	at org.testng.SuiteRunner.privateRun(SuiteRunner.java:373)
	at org.testng.SuiteRunner.run(SuiteRunner.java:312)
	at org.testng.SuiteRunnerWorker.runSuite(SuiteRunnerWorker.java:52)
	at org.testng.SuiteRunnerWorker.run(SuiteRunnerWorker.java:95)
	at org.testng.TestNG.runSuitesSequentially(TestNG.java:1274)
	at org.testng.TestNG.runSuitesLocally(TestNG.java:1208)
	at org.testng.TestNG.runSuites(TestNG.java:1112)
	at org.testng.TestNG.run(TestNG.java:1079)
	at org.apache.maven.surefire.testng.TestNGExecutor.run(TestNGExecutor.java:308)
	at org.apache.maven.surefire.testng.TestNGXmlTestSuite.execute(TestNGXmlTestSuite.java:71)
	at org.apache.maven.surefire.testng.TestNGProvider.invoke(TestNGProvider.java:113)
	at org.apache.maven.surefire.booter.ForkedBooter.runSuitesInProcess(ForkedBooter.java:385)
	at org.apache.maven.surefire.booter.ForkedBooter.execute(ForkedBooter.java:162)
	at org.apache.maven.surefire.booter.ForkedBooter.run(ForkedBooter.java:507)
	at org.apache.maven.surefire.booter.ForkedBooter.main(ForkedBooter.java:495)
]]></system-out>
  </testcase>
  <testcase name="setUp" classname="tests.ui.PRO.ProE2ETestForDemo" time="0.0">
    <skipped/>
  </testcase>
  <testcase name="tearDown" classname="tests.ui.PRO.ProE2ETestForDemo" time="0.0">
    <skipped/>
  </testcase>
  <testcase name="tearDown" classname="tests.ui.PRO.ProE2ETestForDemo" time="0.0">
    <skipped/>
  </testcase>
  <testcase name="setup" classname="tests.ui.PRO.ProE2ETestForDemo" time="0.0">
    <skipped/>
  </testcase>
</testsuite>