<?xml version="1.0" encoding="UTF-8"?>
<!-- Generated by org.testng.reporters.JUnitReportReporter -->
<testsuite hostname="sids-MacBook-Pro.local" failures="0" tests="3" name="tests.ui.PRO.ProE2ETest" time="432.234" errors="1" timestamp="2026-08-28T17:57:14 IST" skipped="2">
  <testcase classname="tests.ui.PRO.ProE2ETest" name="ProE2EWithMandatoryFields" time="152.161">
    <skipped/>
  </testcase> <!-- ProE2EWithMandatoryFields -->
  <testcase classname="tests.ui.PRO.ProE2ETest" name="ProE2EWithMandatoryFields" time="119.077">
    <error message="[ResilientLocator] All 1 strategies failed for element &#039;Name&#039;.
Attempted, in order:
  [FAILED] xpath=//div[@class=&#039;logo-wrapper jss18&#039;]" type="java.lang.RuntimeException">
      <![CDATA[java.lang.RuntimeException: [ResilientLocator] All 1 strategies failed for element 'Name'.
Attempted, in order:
  [FAILED] xpath=//div[@class='logo-wrapper jss18']
at selfhealingHandler.ResilientLocator.failAll(ResilientLocator.java:239)
at selfhealingHandler.ResilientLocator.resolve(ResilientLocator.java:207)
at pages.LandingPage.hoverOnNavigationBar(LandingPage.java:55)
at UI.PRO.ProductPortfolio.BuildingBlocks.ProductPortfolioBuildingBlock.navigateToProductPortfolioPage(ProductPortfolioBuildingBlock.java:47)
at UI.PRO.ProductPortfolio.Flows.ProductPortfolioFlows.createPortfolioWithMandatoryFields(ProductPortfolioFlows.java:31)
at tests.ui.PRO.ProE2ETest.createFirstPortfolioAndProduct(ProE2ETest.java:74)
at tests.ui.PRO.ProE2ETest.ProE2EWithMandatoryFields(ProE2ETest.java:59)
at java.base/jdk.internal.reflect.DirectMethodHandleAccessor.invoke(DirectMethodHandleAccessor.java:104)
at java.base/java.lang.reflect.Method.invoke(Method.java:565)
at org.testng.internal.invokers.MethodInvocationHelper.invokeMethod(MethodInvocationHelper.java:141)
at org.testng.internal.invokers.TestInvoker.invokeMethod(TestInvoker.java:687)
at org.testng.internal.invokers.TestInvoker.retryFailed(TestInvoker.java:269)
at org.testng.internal.invokers.MethodRunner.runInSequence(MethodRunner.java:76)
at org.testng.internal.invokers.TestInvoker$MethodInvocationAgent.invoke(TestInvoker.java:995)
at org.testng.internal.invokers.TestInvoker.invokeTestMethods(TestInvoker.java:203)
at org.testng.internal.invokers.TestMethodWorker.invokeTestMethods(TestMethodWorker.java:154)
at org.testng.internal.invokers.TestMethodWorker.run(TestMethodWorker.java:134)
at java.base/java.util.ArrayList.forEach(ArrayList.java:1612)
at org.testng.TestRunner.privateRun(TestRunner.java:741)
at org.testng.TestRunner.run(TestRunner.java:616)
at org.testng.SuiteRunner.runTest(SuiteRunner.java:421)
at org.testng.SuiteRunner.runSequentially(SuiteRunner.java:413)
at org.testng.SuiteRunner.privateRun(SuiteRunner.java:373)
at org.testng.SuiteRunner.run(SuiteRunner.java:312)
at org.testng.SuiteRunnerWorker.runSuite(SuiteRunnerWorker.java:52)
at org.testng.SuiteRunnerWorker.run(SuiteRunnerWorker.java:95)
at org.testng.TestNG.runSuitesSequentially(TestNG.java:1274)
at org.testng.TestNG.runSuitesLocally(TestNG.java:1208)
at org.testng.TestNG.runSuites(TestNG.java:1112)
at org.testng.TestNG.run(TestNG.java:1079)
at org.apache.maven.surefire.testng.TestNGExecutor.run(TestNGExecutor.java:308)
at org.apache.maven.surefire.testng.TestNGXmlTestSuite.execute(TestNGXmlTestSuite.java:71)
at org.apache.maven.surefire.testng.TestNGProvider.invoke(TestNGProvider.java:113)
at org.apache.maven.surefire.booter.ForkedBooter.runSuitesInProcess(ForkedBooter.java:385)
at org.apache.maven.surefire.booter.ForkedBooter.execute(ForkedBooter.java:162)
at org.apache.maven.surefire.booter.ForkedBooter.run(ForkedBooter.java:507)
at org.apache.maven.surefire.booter.ForkedBooter.main(ForkedBooter.java:495)
]]>
    </error>
  </testcase> <!-- ProE2EWithMandatoryFields -->
  <testcase classname="tests.ui.PRO.ProE2ETest" name="ProE2EWithMandatoryFields" time="160.996">
    <skipped/>
  </testcase> <!-- ProE2EWithMandatoryFields -->
</testsuite> <!-- tests.ui.PRO.ProE2ETest -->
